\BOOKMARK [0][-]{chapter*.1}{ABSTRACT}{}% 1
\BOOKMARK [0][-]{chapter.1}{THEORY}{}% 2
\BOOKMARK [1][-]{section.1.1}{Introduction}{chapter.1}% 3
\BOOKMARK [1][-]{section.1.2}{Neural Theorem Prover}{chapter.1}% 4
\BOOKMARK [2][-]{subsection.1.2.1}{Unification module}{section.1.2}% 5
\BOOKMARK [2][-]{subsection.1.2.2}{OR module}{section.1.2}% 6
\BOOKMARK [2][-]{subsection.1.2.3}{AND module}{section.1.2}% 7
\BOOKMARK [2][-]{subsection.1.2.4}{Bottleneck}{section.1.2}% 8
\BOOKMARK [1][-]{section.1.3}{Greedy Neural Theorem Prover}{chapter.1}% 9
\BOOKMARK [2][-]{subsection.1.3.1}{Fact selection}{section.1.3}% 10
\BOOKMARK [2][-]{subsection.1.3.2}{Rule selection}{section.1.3}% 11
\BOOKMARK [2][-]{subsection.1.3.3}{Bottleneck}{section.1.3}% 12
\BOOKMARK [1][-]{section.1.4}{Conditional Theorem Prover}{chapter.1}% 13
\BOOKMARK [2][-]{subsection.1.4.1}{Goal Reformulators}{section.1.4}% 14
\BOOKMARK [2][-]{subsection.1.4.2}{Bottleneck}{section.1.4}% 15
\BOOKMARK [0][-]{chapter.2}{EXPERIMENTS}{}% 16
\BOOKMARK [1][-]{section.2.1}{Introduction}{chapter.2}% 17
\BOOKMARK [2][-]{subsection.2.1.1}{Setup}{section.2.1}% 18
\BOOKMARK [2][-]{subsection.2.1.2}{Datasets}{section.2.1}% 19
\BOOKMARK [2][-]{subsection.2.1.3}{Versioning, Dependency Issues}{section.2.1}% 20
\BOOKMARK [2][-]{subsection.2.1.4}{Sampling Dataset}{section.2.1}% 21
\BOOKMARK [1][-]{section.2.2}{Replicating the Results}{chapter.2}% 22
\BOOKMARK [2][-]{subsection.2.2.1}{Analysis}{section.2.2}% 23
\BOOKMARK [1][-]{section.2.3}{Memory Utilization Analysis}{chapter.2}% 24
\BOOKMARK [2][-]{subsection.2.3.1}{Results}{section.2.3}% 25
\BOOKMARK [2][-]{subsection.2.3.2}{Analysis}{section.2.3}% 26
\BOOKMARK [1][-]{section.2.4}{Execution Time Analysis}{chapter.2}% 27
\BOOKMARK [2][-]{subsection.2.4.1}{Results}{section.2.4}% 28
\BOOKMARK [2][-]{subsection.2.4.2}{Analysis}{section.2.4}% 29
\BOOKMARK [1][-]{section.2.5}{Performance Analysis}{chapter.2}% 30
\BOOKMARK [2][-]{subsection.2.5.1}{Results}{section.2.5}% 31
\BOOKMARK [2][-]{subsection.2.5.2}{Analysis}{section.2.5}% 32
\BOOKMARK [0][-]{chapter.3}{References}{}% 33
